initializing the property files!
launching the browser:  chrome
navigating URL:  https://parabank.parasoft.com/
Page Title
click on element by using locator:  //*[contains(text(),'Register')]
initializing the property files!
launching the browser:  chrome
navigating URL:  https://parabank.parasoft.com/
Page Title PRINTED
click on element by using locator:  //*[contains(text(),'Register')]
initializing the property files!
launching the browser:  chrome
navigating URL:  https://parabank.parasoft.com/
Page Title PRINTED
click on element by using locator:  //*[contains(text(),'Register')]
initializing the property files!
launching the browser:  chrome
navigating URL:  https://parabank.parasoft.com/
Page Title PRINTED
click on element by using locator:  //*[contains(text(),'Register')]
click on element by using locator:  //*[contains(text(),'Admin Page')]
initializing the property files!
launching the browser:  chrome
navigating URL:  https://parabank.parasoft.com/
Page Title PRINTED
click on element by using locator:  //*[contains(text(),'Register')]
click on element by using locator:  //*[contains(text(),'Admin Page')]
